<?xml version="1.0" encoding="UTF-8"?>
<!-- Generated by org.testng.reporters.JUnitReportReporter -->
<testsuite hostname="DESKTOP-V6P045J" failures="0" tests="2" name="Example2" time="5.195" errors="0" timestamp="2024-12-08T13:30:52 IST" skipped="0">
  <testcase classname="Example2" name="myApplicationTitle" time="4.770"/>
  <testcase classname="Example2" name="quitBrowser" time="0.425"/>
</testsuite> <!-- Example2 -->
